<?xml version="1.0" encoding="UTF-8"?>
<beans xmlns="http://www.springframework.org/schema/beans"
	xmlns:xsi="http://www.w3.org/2001/XMLSchema-instance" xmlns:context="http://www.springframework.org/schema/context"
	xmlns:jee="http://www.springframework.org/schema/jee" xmlns:tx="http://www.springframework.org/schema/tx"
	xmlns:aop="http://www.springframework.org/schema/aop" xmlns:mybatis="http://mybatis.org/schema/mybatis-spring"
	xsi:schemaLocation="http://www.springframework.org/schema/beans 
	http://www.springframework.org/schema/beans/spring-beans-4.0.xsd
    http://www.springframework.org/schema/context 
    http://www.springframework.org/schema/context/spring-context-4.0.xsd
    http://www.springframework.org/schema/jee
    http://www.springframework.org/schema/jee/spring-jee-4.0.xsd 
    http://www.springframework.org/schema/tx 
    http://www.springframework.org/schema/tx/spring-tx-4.0.xsd 
    http://www.springframework.org/schema/aop 
    http://www.springframework.org/schema/aop/spring-aop-4.0.xsd
    http://mybatis.org/schema/mybatis-spring http://mybatis.org/schema/mybatis-spring.xsd">

	<context:annotation-config />
	<tx:annotation-driven />

	<context:component-scan base-package="mx.rafex.blog.back" />

	<context:property-placeholder location="classpath*:test.properties" />

	<bean id="misPropiedadesAplicacion"
		class="org.springframework.beans.factory.config.PropertiesFactoryBean">
		<property name="locations">
			<list>
				<value>classpath*:test.properties</value>
			</list>
		</property>
	</bean>

	<bean id="dataSourceMysql" class="org.apache.commons.dbcp.BasicDataSource"
		destroy-method="close">
		<property name="poolPreparedStatements" value="true" />
		<property name="driverClassName" value="${basededatos.controlador}" />
		<property name="url" value="${basededatos.url}" />
		<property name="username" value="${basededatos.usuario}" />
		<property name="password" value="${basededatos.contrasenya}" />
		<property name="initialSize" value="3" />
	</bean>

	<bean id="sqlSessionFactory" class="org.mybatis.spring.SqlSessionFactoryBean">
		<property name="dataSource" ref="dataSourceMysql" />
	</bean>

	<mybatis:scan base-package="mx.rafex.blog.back.daos.sql.mapers" />

<!-- 	<bean class="org.mybatis.spring.mapper.MapperScannerConfigurer"> -->
<!-- 		<property name="basePackage" value="mx.rafex.blog.back.daos.sql.mapers.usuarios" /> -->
<!-- 		<property name="sqlSessionFactoryBeanName" value="sqlSessionFactory" /> -->
<!-- 	</bean> -->

</beans>